SF:lib/domain/usecases/search_movies.dart
DA:10,0
DA:12,0
DA:13,0
LF:3
LH:0
end_of_record
SF:lib/domain/usecases/search_tv.dart
DA:10,0
DA:12,0
DA:13,0
LF:3
LH:0
end_of_record
SF:lib/presentation/bloc/search_movies_event.dart
DA:4,1
DA:6,0
DA:7,0
DA:12,1
DA:14,0
DA:15,0
DA:20,1
DA:22,0
DA:23,0
LF:9
LH:3
end_of_record
SF:lib/presentation/bloc/search_movies_state.dart
DA:4,1
DA:6,1
DA:7,1
DA:17,0
DA:19,0
DA:20,0
DA:26,1
DA:28,1
DA:29,2
DA:35,1
DA:37,1
DA:38,2
LF:12
LH:9
end_of_record
SF:lib/presentation/bloc/search_movies_bloc.dart
DA:18,3
DA:19,1
DA:20,1
DA:21,1
DA:23,2
DA:24,3
DA:26,1
DA:27,0
DA:28,0
DA:30,1
DA:31,2
DA:35,1
DA:38,1
DA:39,3
DA:46,3
DA:47,1
DA:48,1
DA:49,1
DA:51,2
DA:52,3
DA:54,1
DA:55,0
DA:56,0
DA:58,1
DA:59,2
DA:63,1
DA:66,1
DA:67,3
LF:28
LH:24
end_of_record
