SF:lib/data/datasources/tv_remote_data_source.dart
DA:26,1
DA:29,1
DA:31,5
DA:32,2
DA:33,4
DA:35,1
DA:40,1
DA:42,5
DA:43,2
DA:44,4
DA:46,0
DA:51,1
DA:53,5
DA:54,2
DA:55,4
DA:57,1
DA:62,1
DA:63,5
DA:64,2
DA:65,3
DA:67,1
DA:72,0
DA:73,0
DA:74,0
DA:75,0
DA:76,0
DA:78,0
DA:83,1
DA:84,2
DA:85,3
DA:86,2
DA:87,4
DA:89,1
LF:33
LH:26
end_of_record
SF:lib/data/models/tv/tv_detail_model.dart
DA:13,2
DA:78,1
DA:79,1
DA:80,1
DA:81,1
DA:82,1
DA:83,4
DA:84,4
DA:85,2
DA:86,1
DA:87,4
DA:88,1
DA:89,1
DA:90,1
DA:91,4
DA:92,2
DA:93,1
DA:94,2
DA:96,1
DA:97,1
DA:98,2
DA:100,1
DA:101,1
DA:102,4
DA:103,1
DA:104,1
DA:105,1
DA:106,2
DA:107,1
DA:108,1
DA:109,1
DA:110,3
DA:111,1
DA:112,5
DA:113,2
DA:114,3
DA:115,1
DA:116,1
DA:117,1
DA:118,2
DA:119,1
DA:122,1
DA:123,1
DA:124,1
DA:125,1
DA:126,5
DA:127,1
DA:128,1
DA:129,5
DA:130,1
DA:131,1
DA:132,1
DA:133,1
DA:134,1
DA:135,2
DA:136,1
DA:137,2
DA:138,1
DA:139,1
DA:140,1
DA:141,1
DA:142,1
DA:143,1
DA:144,1
DA:145,1
DA:147,5
DA:148,5
DA:149,5
DA:150,1
DA:151,1
DA:152,1
DA:153,1
DA:154,1
DA:158,1
DA:159,1
DA:160,1
DA:161,1
DA:162,1
DA:163,1
DA:164,1
DA:165,1
DA:166,1
DA:167,1
DA:168,1
DA:169,1
DA:170,1
DA:171,1
DA:172,1
DA:173,1
DA:174,1
DA:175,1
DA:176,1
DA:177,1
DA:178,1
DA:179,1
DA:180,1
DA:181,1
DA:182,1
DA:183,1
DA:184,1
DA:185,1
DA:186,1
DA:187,1
DA:188,1
DA:189,1
LF:105
LH:105
end_of_record
SF:lib/data/models/tv/tv_response.dart
DA:8,1
DA:10,2
DA:11,2
DA:12,3
DA:13,3
DA:16,0
DA:17,0
LF:7
LH:5
end_of_record
SF:lib/data/datasources/tv_local_data_source.dart
DA:17,1
DA:20,1
DA:21,3
DA:23,1
DA:29,0
DA:30,0
DA:31,0
DA:35,1
DA:37,3
DA:40,2
DA:45,1
DA:47,3
DA:50,2
LF:13
LH:10
end_of_record
SF:lib/data/models/tv/tv_model.dart
DA:6,3
DA:36,2
DA:37,1
DA:38,2
DA:39,0
DA:40,1
DA:41,4
DA:42,1
DA:43,1
DA:44,4
DA:45,1
DA:46,1
DA:47,1
DA:48,2
DA:49,1
DA:50,2
DA:51,1
DA:54,0
DA:55,0
DA:57,0
DA:58,0
DA:59,0
DA:60,0
DA:61,0
DA:62,0
DA:63,0
DA:64,0
DA:65,0
DA:66,0
DA:67,0
DA:68,0
DA:71,2
DA:72,2
DA:73,2
DA:74,2
DA:75,2
DA:76,2
DA:77,2
DA:78,2
DA:79,2
DA:80,2
DA:81,2
DA:82,2
DA:83,2
DA:84,2
DA:85,2
DA:89,1
DA:90,1
DA:91,1
DA:92,1
DA:93,1
DA:94,1
DA:95,1
DA:96,1
DA:97,1
DA:98,1
DA:99,1
DA:100,1
DA:101,1
DA:102,1
DA:103,1
LF:61
LH:46
end_of_record
SF:lib/data/models/tv/tv_table.dart
DA:12,11
DA:19,2
DA:20,1
DA:21,1
DA:22,1
DA:23,1
DA:26,2
DA:27,1
DA:28,1
DA:29,1
DA:30,1
DA:33,0
DA:34,0
DA:35,0
DA:36,0
DA:37,0
DA:40,2
DA:41,1
DA:42,1
DA:43,1
DA:44,1
DA:47,2
DA:48,10
LF:23
LH:18
end_of_record
SF:lib/domain/entities/tv/tv.dart
DA:4,6
DA:34,1
DA:41,2
DA:42,2
DA:43,2
DA:44,2
DA:45,2
DA:46,2
DA:47,2
DA:48,2
DA:49,2
DA:50,2
DA:51,2
DA:52,2
DA:53,2
DA:54,2
DA:55,2
LF:17
LH:17
end_of_record
SF:lib/domain/entities/tv/tv_detail.dart
DA:12,5
DA:76,1
DA:77,1
DA:78,1
DA:79,1
DA:80,1
DA:81,1
DA:82,1
DA:83,1
DA:84,1
DA:85,1
DA:86,1
DA:87,1
DA:88,1
DA:89,1
DA:90,1
DA:91,1
DA:92,1
DA:93,1
DA:94,1
DA:95,1
DA:96,1
DA:97,1
DA:98,1
DA:99,1
DA:100,1
DA:101,1
DA:102,1
DA:103,1
DA:104,1
DA:105,1
DA:106,1
LF:32
LH:32
end_of_record
SF:lib/data/models/tv/created_by_model.dart
DA:6,2
DA:20,2
DA:21,1
DA:22,1
DA:23,1
DA:24,1
DA:25,1
DA:28,0
DA:29,0
DA:30,0
DA:31,0
DA:32,0
DA:33,0
DA:36,1
DA:37,1
DA:38,1
DA:39,1
DA:40,1
DA:41,1
DA:42,1
DA:45,1
DA:46,6
LF:22
LH:16
end_of_record
SF:lib/domain/entities/tv/created_by.dart
DA:4,5
DA:18,1
DA:19,1
DA:20,1
DA:21,1
DA:22,1
DA:23,1
DA:24,1
LF:8
LH:8
end_of_record
SF:lib/data/models/tv/production_coutry_model.dart
DA:6,2
DA:14,1
DA:15,1
DA:16,1
DA:17,1
DA:20,1
DA:21,3
DA:24,1
DA:25,1
DA:26,1
DA:27,1
LF:11
LH:11
end_of_record
SF:lib/domain/entities/tv/production_country.dart
DA:4,5
DA:12,0
DA:13,0
DA:14,0
DA:15,0
LF:5
LH:1
end_of_record
SF:lib/data/models/tv/season_model.dart
DA:6,2
DA:24,2
DA:25,1
DA:26,0
DA:27,2
DA:28,1
DA:29,1
DA:30,1
DA:31,1
DA:32,1
DA:33,1
DA:35,1
DA:36,1
DA:37,1
DA:38,1
DA:39,1
DA:40,1
DA:41,1
DA:42,1
DA:43,1
DA:47,1
DA:48,1
DA:49,1
DA:50,1
DA:51,1
DA:52,1
DA:53,1
DA:54,1
DA:55,1
LF:29
LH:28
end_of_record
SF:lib/domain/entities/tv/season.dart
DA:4,5
DA:22,1
DA:23,1
DA:24,1
DA:25,1
DA:26,1
DA:27,1
DA:28,1
DA:29,1
DA:30,1
LF:10
LH:10
end_of_record
SF:lib/data/models/tv/spoken_language_model.dart
DA:6,2
DA:16,1
DA:17,1
DA:18,1
DA:19,1
DA:20,1
DA:23,1
DA:24,1
DA:25,3
DA:28,1
DA:29,1
DA:30,1
DA:31,1
DA:32,1
LF:14
LH:14
end_of_record
SF:lib/domain/entities/tv/spoken_language.dart
DA:4,5
DA:14,1
DA:15,1
DA:16,1
DA:17,1
DA:18,1
LF:6
LH:6
end_of_record
SF:lib/data/models/tv/te_episode_to_air_model.dart
DA:6,2
DA:34,1
DA:35,1
DA:36,2
DA:37,1
DA:38,1
DA:39,1
DA:40,1
DA:41,1
DA:42,1
DA:43,1
DA:44,1
DA:45,1
DA:46,2
DA:47,1
DA:49,1
DA:50,1
DA:51,1
DA:52,1
DA:53,1
DA:54,1
DA:55,1
DA:56,1
DA:57,1
DA:58,1
DA:59,1
DA:60,1
DA:61,1
DA:62,1
DA:65,1
DA:66,1
DA:67,1
DA:68,1
DA:69,1
DA:70,1
DA:71,1
DA:72,1
DA:73,1
DA:74,1
DA:75,1
DA:76,1
DA:77,1
DA:78,1
LF:43
LH:43
end_of_record
SF:lib/domain/entities/tv/te_episode_to_air.dart
DA:4,5
DA:32,1
DA:33,1
DA:34,1
DA:35,1
DA:36,1
DA:37,1
DA:38,1
DA:39,1
DA:40,1
DA:41,1
DA:42,1
DA:43,1
DA:44,1
DA:45,1
LF:15
LH:15
end_of_record
SF:lib/data/repositories/tv_repository_impl.dart
DA:17,1
DA:21,1
DA:23,3
DA:24,5
DA:25,1
DA:26,2
DA:27,1
DA:28,2
DA:33,1
DA:35,3
DA:36,5
DA:37,1
DA:38,2
DA:39,1
DA:40,2
DA:45,1
DA:47,3
DA:48,2
DA:49,1
DA:50,2
DA:51,1
DA:52,2
DA:57,0
DA:59,0
DA:60,0
DA:61,0
DA:62,0
DA:63,0
DA:64,0
DA:69,1
DA:71,3
DA:72,5
DA:73,1
DA:74,2
DA:75,1
DA:76,2
DA:81,1
DA:83,3
DA:84,3
DA:85,1
DA:86,2
DA:87,1
DA:88,2
DA:93,1
DA:94,3
DA:95,5
DA:99,1
DA:100,3
DA:105,1
DA:108,4
DA:109,1
DA:110,1
DA:111,3
DA:116,1
DA:119,4
DA:120,1
DA:121,1
DA:122,3
LF:58
LH:51
end_of_record
SF:lib/presentation/bloc/tv/tv_state.dart
DA:4,3
DA:6,0
DA:7,0
DA:16,3
DA:18,0
DA:19,0
DA:24,2
DA:26,0
DA:27,0
DA:33,1
DA:35,0
DA:36,0
DA:42,0
DA:44,0
DA:45,0
DA:51,0
DA:57,1
LF:17
LH:5
end_of_record
SF:lib/presentation/bloc/tv/tv_event.dart
DA:4,3
DA:6,0
DA:7,0
DA:18,1
DA:20,0
DA:21,0
DA:26,1
DA:28,0
DA:29,0
DA:37,0
DA:38,0
DA:39,0
DA:45,0
DA:46,0
DA:47,0
DA:53,1
DA:55,0
DA:56,0
LF:18
LH:4
end_of_record
SF:lib/presentation/bloc/tv/tv_bloc.dart
DA:21,0
DA:22,0
DA:23,0
DA:24,0
DA:25,0
DA:26,0
DA:27,0
DA:28,0
DA:36,0
DA:37,0
DA:38,0
DA:39,0
DA:40,0
DA:41,0
DA:42,0
DA:43,0
DA:51,0
DA:52,0
DA:53,0
DA:54,0
DA:55,0
DA:56,0
DA:57,0
DA:58,0
DA:66,0
DA:67,0
DA:68,0
DA:69,0
DA:70,0
DA:71,0
DA:72,0
DA:73,0
DA:82,0
DA:83,0
DA:84,0
DA:85,0
DA:86,0
DA:87,0
DA:88,0
DA:89,0
DA:104,0
DA:106,0
DA:107,0
DA:108,0
DA:109,0
DA:110,0
DA:111,0
DA:112,0
DA:113,0
DA:117,0
DA:118,0
DA:119,0
DA:120,0
DA:122,0
DA:123,0
DA:126,0
DA:127,0
DA:128,0
DA:129,0
DA:131,0
DA:132,0
DA:135,0
DA:136,0
DA:137,0
DA:138,0
DA:139,0
LF:66
LH:0
end_of_record
SF:lib/presentation/pages/tv/tv_detail_page.dart
DA:19,2
DA:21,1
DA:22,1
DA:26,1
DA:28,1
DA:29,2
DA:30,6
DA:31,1
DA:32,1
DA:33,4
DA:34,6
DA:38,1
DA:41,2
DA:42,2
DA:43,2
DA:45,1
DA:49,2
DA:50,1
DA:51,1
DA:52,1
DA:57,1
DA:58,1
DA:59,1
DA:60,1
DA:64,1
DA:65,1
DA:66,1
DA:67,1
DA:69,0
DA:70,0
DA:71,0
DA:89,1
DA:91,1
DA:93,3
DA:94,1
DA:95,1
DA:96,1
DA:97,3
DA:99,1
DA:102,0
DA:104,1
DA:106,1
DA:107,1
DA:108,1
DA:118,1
DA:119,1
DA:120,1
DA:122,1
DA:124,1
DA:126,1
DA:127,1
DA:128,2
DA:129,1
DA:131,1
DA:132,0
DA:133,0
DA:135,0
DA:136,0
DA:139,0
DA:140,0
DA:146,0
DA:147,0
DA:148,0
DA:149,0
DA:155,0
DA:162,0
DA:165,0
DA:168,0
DA:169,0
DA:171,0
DA:172,0
DA:174,0
DA:176,0
DA:177,0
DA:178,0
DA:183,1
DA:185,1
DA:186,1
DA:193,1
DA:194,4
DA:197,3
DA:198,1
DA:199,4
DA:204,1
DA:206,1
DA:207,5
DA:209,4
DA:211,4
DA:213,1
DA:215,1
DA:217,1
DA:218,2
DA:221,1
DA:222,1
DA:223,1
DA:224,1
DA:225,3
DA:228,1
DA:229,1
DA:230,3
DA:236,1
DA:239,1
DA:241,3
DA:242,1
DA:244,3
DA:245,1
DA:246,1
DA:247,0
DA:248,0
DA:250,0
DA:251,0
DA:252,0
DA:253,0
DA:254,0
DA:257,1
DA:260,1
DA:261,1
DA:262,3
DA:263,1
DA:265,1
DA:270,1
DA:271,5
DA:280,1
DA:282,1
DA:283,3
DA:284,1
DA:292,1
DA:293,5
DA:301,0
DA:303,1
DA:305,1
DA:307,1
DA:309,1
DA:311,1
DA:312,2
DA:313,1
DA:315,1
DA:316,0
DA:317,0
DA:320,0
DA:323,1
DA:327,1
DA:329,2
DA:330,1
DA:334,0
DA:341,2
DA:348,1
DA:350,1
DA:365,1
DA:367,1
DA:370,1
DA:372,0
DA:373,0
DA:382,1
DA:383,1
DA:384,1
DA:385,1
DA:386,3
DA:388,1
DA:394,4
DA:399,1
DA:400,1
DA:402,1
DA:404,3
DA:405,1
DA:406,1
DA:408,1
DA:409,1
DA:410,4
DA:411,1
DA:414,1
DA:415,5
DA:422,1
DA:423,4
DA:433,1
DA:435,2
DA:436,3
DA:439,1
DA:443,3
DA:446,0
DA:447,0
DA:448,0
DA:450,0
DA:451,0
DA:453,0
LF:185
LH:140
end_of_record
SF:lib/domain/usecases/tv_usecases/get_on_the_air_tv.dart
DA:10,1
DA:12,1
DA:13,2
LF:3
LH:3
end_of_record
SF:lib/domain/usecases/tv_usecases/get_popular_tv.dart
DA:10,1
DA:12,1
DA:13,2
LF:3
LH:3
end_of_record
SF:lib/domain/usecases/tv_usecases/get_top_rated_tv.dart
DA:11,1
DA:13,1
DA:14,2
LF:3
LH:3
end_of_record
SF:lib/domain/usecases/tv_usecases/get_tv_detail.dart
DA:11,1
DA:13,1
DA:14,3
LF:3
LH:3
end_of_record
SF:lib/domain/usecases/tv_usecases/get_tv_recommendation.dart
DA:10,1
DA:12,1
DA:13,3
LF:3
LH:3
end_of_record
SF:lib/domain/usecases/tv_usecases/get_watchlist_tv.dart
DA:10,1
DA:12,1
DA:13,2
LF:3
LH:3
end_of_record
SF:lib/domain/usecases/tv_usecases/get_watchlist_tv_status.dart
DA:7,1
DA:9,1
DA:10,3
LF:3
LH:3
end_of_record
SF:lib/domain/usecases/tv_usecases/remove_tv_watchlist.dart
DA:9,1
DA:11,1
DA:12,2
LF:3
LH:3
end_of_record
SF:lib/domain/usecases/tv_usecases/save_tv_watchlist.dart
DA:10,1
DA:12,1
DA:13,2
LF:3
LH:3
end_of_record
SF:lib/presentation/pages/tv/popular_tv_page.dart
DA:12,1
DA:13,1
DA:17,1
DA:19,1
DA:20,6
DA:23,1
DA:25,1
DA:26,1
DA:29,1
DA:31,2
DA:32,1
DA:36,1
DA:37,1
DA:38,1
DA:39,2
DA:40,1
DA:42,2
DA:44,1
DA:45,1
DA:47,2
DA:50,0
LF:21
LH:20
end_of_record
SF:lib/presentation/widgets/tv_card_list.dart
DA:13,2
DA:15,2
DA:17,2
DA:19,2
DA:20,0
DA:21,0
DA:24,0
DA:27,2
DA:29,2
DA:30,2
DA:31,2
DA:37,2
DA:39,2
DA:40,2
DA:41,4
DA:44,2
DA:47,2
DA:48,4
DA:56,2
DA:61,2
DA:63,2
DA:64,6
DA:66,4
DA:69,2
DA:72,2
DA:77,0
LF:26
LH:22
end_of_record
SF:lib/presentation/pages/tv/seasons_detail_page.dart
DA:9,0
DA:11,0
DA:13,0
DA:14,0
DA:17,0
DA:18,0
DA:20,0
DA:22,0
DA:23,0
DA:24,0
DA:25,0
DA:26,0
DA:30,0
DA:32,0
DA:33,0
DA:35,0
DA:37,0
LF:17
LH:0
end_of_record
SF:lib/presentation/pages/tv/top_rated_page.dart
DA:11,1
DA:12,1
DA:16,1
DA:18,1
DA:19,1
DA:20,5
DA:23,1
DA:25,1
DA:26,1
DA:29,1
DA:31,2
DA:32,1
DA:34,1
DA:35,1
DA:36,1
DA:37,2
DA:38,1
DA:40,2
DA:42,1
DA:43,1
DA:44,2
LF:21
LH:21
end_of_record
