SF:lib/data/datasources/movie_remote_data_source.dart
DA:25,1
DA:28,1
DA:30,5
DA:32,2
DA:33,4
DA:35,1
DA:40,1
DA:42,5
DA:44,2
DA:45,3
DA:47,1
DA:52,1
DA:53,2
DA:54,3
DA:56,2
DA:57,4
DA:59,1
DA:64,1
DA:66,5
DA:68,2
DA:69,4
DA:71,1
DA:76,1
DA:78,5
DA:80,2
DA:81,4
DA:83,1
DA:88,1
DA:89,2
DA:90,3
DA:92,2
DA:93,4
DA:95,1
LF:33
LH:33
end_of_record
SF:lib/data/models/movie/movie_detail_model.dart
DA:7,2
DA:53,1
DA:54,1
DA:55,1
DA:56,1
DA:57,1
DA:58,1
DA:59,4
DA:60,1
DA:61,1
DA:62,1
DA:63,1
DA:64,1
DA:65,1
DA:66,2
DA:67,1
DA:68,1
DA:69,1
DA:70,1
DA:71,1
DA:72,1
DA:73,1
DA:74,1
DA:75,2
DA:76,1
DA:79,0
DA:80,0
DA:81,0
DA:82,0
DA:83,0
DA:84,0
DA:85,0
DA:86,0
DA:87,0
DA:88,0
DA:89,0
DA:90,0
DA:91,0
DA:92,0
DA:93,0
DA:94,0
DA:95,0
DA:96,0
DA:97,0
DA:98,0
DA:99,0
DA:100,0
DA:103,1
DA:104,1
DA:105,1
DA:106,1
DA:107,5
DA:108,1
DA:109,1
DA:110,1
DA:111,1
DA:112,1
DA:113,1
DA:114,1
DA:115,1
DA:116,1
DA:120,1
DA:121,1
DA:122,1
DA:123,1
DA:124,1
DA:125,1
DA:126,1
DA:127,1
DA:128,1
DA:129,1
DA:130,1
DA:131,1
DA:132,1
DA:133,1
DA:134,1
DA:135,1
DA:136,1
DA:137,1
DA:138,1
DA:139,1
DA:140,1
DA:141,1
DA:142,1
LF:84
LH:62
end_of_record
SF:lib/data/models/movie/movie_response.dart
DA:8,2
DA:10,4
DA:11,4
DA:12,6
DA:13,6
DA:16,2
DA:17,5
DA:20,1
DA:21,2
LF:9
LH:9
end_of_record
SF:lib/data/datasources/movie_local_data_source.dart
DA:15,0
DA:18,0
DA:20,0
DA:23,0
DA:28,0
DA:30,0
DA:33,0
DA:38,0
DA:39,0
DA:41,0
DA:48,0
DA:49,0
DA:50,0
LF:13
LH:0
end_of_record
SF:lib/data/models/movie/movie_model.dart
DA:6,5
DA:36,4
DA:37,2
DA:38,2
DA:39,8
DA:40,2
DA:41,2
DA:42,2
DA:43,4
DA:44,2
DA:45,2
DA:46,2
DA:47,2
DA:48,4
DA:49,2
DA:52,2
DA:53,1
DA:54,1
DA:55,4
DA:56,1
DA:57,1
DA:58,1
DA:59,1
DA:60,1
DA:61,1
DA:62,1
DA:63,1
DA:64,1
DA:65,1
DA:68,2
DA:69,2
DA:70,2
DA:71,2
DA:72,2
DA:73,2
DA:74,2
DA:75,2
DA:76,2
DA:77,2
DA:78,2
DA:79,2
DA:80,2
DA:81,2
DA:82,2
DA:86,2
DA:87,2
DA:88,2
DA:89,2
DA:90,2
DA:91,2
DA:92,2
DA:93,2
DA:94,2
DA:95,2
DA:96,2
DA:97,2
DA:98,2
DA:99,2
DA:100,2
LF:59
LH:59
end_of_record
SF:lib/data/models/movie/movie_table.dart
DA:12,9
DA:19,2
DA:20,1
DA:21,1
DA:22,1
DA:23,1
DA:26,0
DA:27,0
DA:28,0
DA:29,0
DA:30,0
DA:33,0
DA:34,0
DA:35,0
DA:36,0
DA:37,0
DA:40,2
DA:41,1
DA:42,1
DA:43,1
DA:44,1
DA:47,1
DA:48,5
LF:23
LH:13
end_of_record
SF:lib/domain/entities/movie/movie.dart
DA:6,7
DA:22,1
DA:43,3
DA:44,3
DA:45,3
DA:46,3
DA:47,3
DA:48,3
DA:49,3
DA:50,3
DA:51,3
DA:52,3
DA:53,3
DA:54,3
DA:55,3
DA:56,3
DA:57,3
LF:17
LH:17
end_of_record
SF:lib/domain/entities/movie/movie_detail.dart
DA:6,6
DA:34,2
DA:35,2
DA:36,2
DA:37,2
DA:38,2
DA:39,2
DA:40,2
DA:41,2
DA:42,2
DA:43,2
DA:44,2
DA:45,2
DA:46,2
LF:14
LH:14
end_of_record
SF:lib/data/repositories/movie_repository_impl.dart
DA:19,1
DA:25,1
DA:27,3
DA:28,5
DA:29,1
DA:30,2
DA:31,1
DA:32,2
DA:37,1
DA:39,3
DA:40,2
DA:41,1
DA:42,2
DA:43,1
DA:44,2
DA:49,1
DA:51,3
DA:52,3
DA:53,1
DA:54,2
DA:55,1
DA:56,2
DA:61,1
DA:63,3
DA:64,5
DA:65,1
DA:66,2
DA:67,1
DA:68,2
DA:73,1
DA:75,3
DA:76,5
DA:77,1
DA:78,2
DA:79,1
DA:80,2
DA:85,1
DA:87,3
DA:88,5
DA:89,1
DA:90,2
DA:91,1
DA:92,2
DA:97,1
DA:100,4
DA:101,1
DA:102,1
DA:103,3
DA:110,1
DA:113,4
DA:114,1
DA:115,1
DA:116,3
DA:121,1
DA:122,3
DA:127,1
DA:128,3
DA:129,5
LF:58
LH:58
end_of_record
SF:lib/presentation/bloc/movie/movies_bloc.dart
DA:22,3
DA:23,2
DA:24,2
DA:25,3
DA:26,2
DA:27,3
DA:28,1
DA:29,2
DA:38,3
DA:39,2
DA:40,2
DA:41,3
DA:42,2
DA:43,3
DA:44,1
DA:45,2
DA:54,3
DA:55,2
DA:56,2
DA:57,3
DA:58,2
DA:59,3
DA:60,1
DA:61,2
DA:69,3
DA:70,2
DA:71,1
DA:72,2
DA:73,3
DA:74,2
DA:75,3
DA:76,1
DA:77,2
DA:85,1
DA:86,2
DA:87,2
DA:88,1
DA:89,2
DA:91,3
DA:92,2
DA:93,3
DA:94,1
DA:95,2
DA:110,1
DA:112,2
DA:113,1
DA:114,1
DA:115,2
DA:117,3
DA:118,2
DA:119,3
DA:120,1
DA:121,2
DA:126,2
DA:127,1
DA:128,2
DA:129,3
DA:131,5
DA:132,3
DA:135,2
DA:136,1
DA:137,2
DA:138,3
DA:140,5
DA:141,3
DA:144,2
DA:145,1
DA:146,2
DA:147,3
DA:149,2
LF:70
LH:70
end_of_record
SF:lib/presentation/bloc/movie/movies_event.dart
DA:4,4
DA:6,0
DA:7,0
DA:18,2
DA:20,0
DA:21,0
DA:26,2
DA:28,0
DA:29,0
DA:37,1
DA:38,0
DA:39,0
DA:45,1
DA:46,0
DA:47,0
DA:53,2
DA:55,0
DA:56,0
LF:18
LH:6
end_of_record
SF:lib/presentation/bloc/movie/movies_state.dart
DA:4,5
DA:6,1
DA:7,1
DA:17,4
DA:19,1
DA:20,2
DA:26,4
DA:28,1
DA:29,2
DA:35,2
DA:37,1
DA:38,2
DA:44,1
DA:46,1
DA:47,2
DA:53,1
DA:59,2
DA:61,1
DA:62,2
LF:19
LH:19
end_of_record
SF:lib/presentation/pages/movies/popular_movies_page.dart
DA:12,1
DA:13,1
DA:17,1
DA:19,1
DA:20,6
DA:23,1
DA:25,1
DA:26,1
DA:29,1
DA:31,1
DA:32,1
DA:33,1
DA:37,1
DA:38,1
DA:39,1
DA:40,2
DA:41,1
DA:43,2
DA:45,1
DA:46,1
DA:48,2
DA:51,0
LF:22
LH:21
end_of_record
SF:lib/presentation/pages/movies/movie_detail_page.dart
DA:20,2
DA:22,1
DA:23,1
DA:27,1
DA:29,1
DA:30,2
DA:31,6
DA:32,1
DA:33,1
DA:34,4
DA:35,6
DA:39,1
DA:42,2
DA:43,1
DA:44,1
DA:45,1
DA:47,1
DA:50,2
DA:51,1
DA:52,1
DA:53,1
DA:58,1
DA:59,1
DA:60,1
DA:61,1
DA:65,1
DA:66,1
DA:67,1
DA:68,1
DA:73,0
DA:74,0
DA:75,0
DA:93,1
DA:95,1
DA:97,3
DA:98,1
DA:99,1
DA:100,1
DA:101,3
DA:103,1
DA:106,0
DA:108,1
DA:110,1
DA:111,1
DA:112,1
DA:122,1
DA:123,1
DA:124,1
DA:126,1
DA:128,1
DA:130,1
DA:131,1
DA:132,2
DA:133,1
DA:135,1
DA:136,0
DA:137,0
DA:139,0
DA:140,0
DA:143,0
DA:144,0
DA:150,0
DA:151,0
DA:152,0
DA:153,0
DA:159,0
DA:165,0
DA:168,0
DA:171,0
DA:172,0
DA:174,0
DA:175,0
DA:177,0
DA:179,0
DA:180,0
DA:181,0
DA:186,1
DA:188,1
DA:189,1
DA:196,1
DA:197,3
DA:199,1
DA:200,3
DA:202,1
DA:203,1
DA:204,1
DA:205,3
DA:207,1
DA:213,4
DA:217,1
DA:219,1
DA:221,1
DA:222,2
DA:225,1
DA:227,1
DA:229,1
DA:231,1
DA:233,1
DA:234,2
DA:235,1
DA:237,1
DA:238,0
DA:239,0
DA:242,0
DA:245,1
DA:249,1
DA:251,2
DA:252,1
DA:256,0
DA:263,2
DA:270,1
DA:272,1
DA:287,1
DA:289,1
DA:292,1
DA:294,0
DA:295,0
DA:304,1
DA:306,2
DA:307,3
DA:310,1
DA:314,3
DA:317,1
DA:318,1
DA:319,1
DA:321,1
DA:322,1
DA:324,0
LF:128
LH:96
end_of_record
SF:lib/presentation/widgets/movie_card_list.dart
DA:14,2
DA:16,2
DA:18,2
DA:20,2
DA:21,0
DA:22,0
DA:25,0
DA:28,2
DA:30,2
DA:31,2
DA:32,2
DA:38,2
DA:40,2
DA:41,2
DA:42,4
DA:45,2
DA:48,2
DA:49,4
DA:57,2
DA:62,2
DA:64,2
DA:65,6
DA:67,4
DA:68,2
DA:71,2
DA:74,2
DA:80,0
LF:27
LH:23
end_of_record
SF:lib/domain/usecases/movie_usecases/get_movie_detail.dart
DA:10,1
DA:12,1
DA:13,2
LF:3
LH:3
end_of_record
SF:lib/domain/usecases/movie_usecases/get_movie_recommendations.dart
DA:10,1
DA:12,1
DA:13,2
LF:3
LH:3
end_of_record
SF:lib/domain/usecases/movie_usecases/get_now_playing_movies.dart
DA:10,1
DA:12,1
DA:13,2
LF:3
LH:3
end_of_record
SF:lib/domain/usecases/movie_usecases/get_popular_movies.dart
DA:10,1
DA:12,1
DA:13,2
LF:3
LH:3
end_of_record
SF:lib/domain/usecases/movie_usecases/get_top_rated_movies.dart
DA:12,1
DA:14,1
DA:15,2
LF:3
LH:3
end_of_record
SF:lib/domain/usecases/movie_usecases/get_watchlist_movies.dart
DA:11,1
DA:13,1
DA:14,2
LF:3
LH:3
end_of_record
SF:lib/domain/usecases/movie_usecases/get_watchlist_status.dart
DA:7,1
DA:9,1
DA:10,2
LF:3
LH:3
end_of_record
SF:lib/domain/usecases/movie_usecases/remove_watchlist.dart
DA:11,1
DA:13,1
DA:14,2
LF:3
LH:3
end_of_record
SF:lib/domain/usecases/movie_usecases/save_watchlist.dart
DA:12,1
DA:14,1
DA:15,2
LF:3
LH:3
end_of_record
SF:lib/presentation/pages/movies/top_rated_movies_page.dart
DA:13,1
DA:14,1
DA:18,1
DA:20,1
DA:21,1
DA:22,5
DA:25,1
DA:27,1
DA:28,1
DA:31,1
DA:33,1
DA:34,1
DA:35,1
DA:39,1
DA:40,1
DA:41,1
DA:42,2
DA:43,1
DA:45,2
DA:47,1
DA:48,1
DA:50,2
DA:53,0
LF:23
LH:22
end_of_record
